[www.iambic.org/index.html]
[backblue.gif]
[fade.gif]
[index.html]
[uploads-ssl.webflow.com/64268ec9801fed0f7dd5a48b/css/iambic-web.webflow.2cb540ec1.min.css]
[uploads-ssl.webflow.com/64268ec9801fed0f7dd5a48b/6429381cf47c9580b5516397_Group 12703 (3).svg]
[uploads-ssl.webflow.com/64268ec9801fed0f7dd5a48b/6426aa4bdf436603bc00abf4_Multi Cloud.svg]
[uploads-ssl.webflow.com/64268ec9801fed0f7dd5a48b/642830edbb87cbc76c25bbfc_Group 12703.svg]
[uploads-ssl.webflow.com/64268ec9801fed0f7dd5a48b/642847b307c9bb6492996ce7_Frame 69814.svg]
[uploads-ssl.webflow.com/64268ec9801fed0f7dd5a48b/6430003d3b2a44448f47f94b_temporary-access-control-img-2.svg]
[uploads-ssl.webflow.com/64268ec9801fed0f7dd5a48b/642eb4c1d58cc7958d29f795_centralized-management-img.svg]
[uploads-ssl.webflow.com/64268ec9801fed0f7dd5a48b/64284b526c28f49a32e733b4_Layer_1.svg]
[uploads-ssl.webflow.com/64268ec9801fed0f7dd5a48b/64284daaf54066872460dba8_Terminal (1).png]
[uploads-ssl.webflow.com/64268ec9801fed0f7dd5a48b/64284df926a4728b6ca85289_Frame (41).svg]
[uploads-ssl.webflow.com/64268ec9801fed0f7dd5a48b/64284e22d683c474328993c8_Group 12807.svg]
[uploads-ssl.webflow.com/64268ec9801fed0f7dd5a48b/6428507cd683c450b389d09b_Group 12703 (1).svg]
[uploads-ssl.webflow.com/64268ec9801fed0f7dd5a48b/64285435f9d51ad4d284c051_Logo (18).svg]
[uploads-ssl.webflow.com/64268ec9801fed0f7dd5a48b/6437f6e08c5a7786e3dc8e84_Self Service - Tablet.svg]
[uploads-ssl.webflow.com/64268ec9801fed0f7dd5a48b/642d7b0b75d75b95046d33a3_more-image-new.svg]
[uploads-ssl.webflow.com/64268ec9801fed0f7dd5a48b/642b905fec49bb01e94c7f0d_Group 12816.svg]
[uploads-ssl.webflow.com/64268ec9801fed0f7dd5a48b/642b9180801425f6e897ae68_Frame 69871.svg]
[uploads-ssl.webflow.com/64268ec9801fed0f7dd5a48b/642b914b801425624797aab6_Group 12817.svg]
[uploads-ssl.webflow.com/64268ec9801fed0f7dd5a48b/642b9165ab59d4b44be1ddd6_Frame 69873.svg]
[uploads-ssl.webflow.com/64268ec9801fed0f7dd5a48b/6437f716465a0401f890009e_Just-In-Time Access-1.svg]
[uploads-ssl.webflow.com/64268ec9801fed0f7dd5a48b/6437f72886f44bb2c1a10ab7_Just-In-Time Access.svg]
[uploads-ssl.webflow.com/64268ec9801fed0f7dd5a48b/6426ae4323073db0d3dc5fdb_Group 12706.svg]
[uploads-ssl.webflow.com/64268ec9801fed0f7dd5a48b/js/webflow.3a929c82b.js]
[www.iambic.org/index.html]
[uploads-ssl.webflow.com/64268ec9801fed0f7dd5a48b/64268ec9801fed4c32d5a4ac_Inter Regular.woff2]
[uploads-ssl.webflow.com/64268ec9801fed0f7dd5a48b/64268ec9801fed0735d5a4b4_Plus Jakarta Sans bold.woff2]
[uploads-ssl.webflow.com/64268ec9801fed0f7dd5a48b/64268ec9801fed4170d5a4af_OverpassMono-Regular.ttf]
[uploads-ssl.webflow.com/64268ec9801fed0f7dd5a48b/64284c7e0cb3c88632857726_Inter-Regular.ttf]
[uploads-ssl.webflow.com/64268ec9801fed0f7dd5a48b/64268ec9801fed3ce7d5a4b3_OverpassMono-SemiBold.ttf]
[uploads-ssl.webflow.com/64268ec9801fed0f7dd5a48b/64268ec9801fed7b91d5a4ad_OverpassMono-Bold.ttf]
[uploads-ssl.webflow.com/64268ec9801fed0f7dd5a48b/css/iambic-web.webflow.2cb540ec1.min.css]
[uploads-ssl.webflow.com/64268ec9801fed0f7dd5a48b/642b8c8f5203804f7124f77f_Frame 69893.svg]
[uploads-ssl.webflow.com/64268ec9801fed0f7dd5a48b/642b8c9829d21679769c9364_Frame 69894.svg]
[uploads-ssl.webflow.com/64268ec9801fed0f7dd5a48b/6429381cf47c9580b5516397_Group 12703 (3).svg]
[uploads-ssl.webflow.com/64268ec9801fed0f7dd5a48b/642974d7528862c509c9a284_menu (2).svg]
[uploads-ssl.webflow.com/64268ec9801fed0f7dd5a48b/6426a4fcd69c35677c8389ef_Arrow 1.svg]
[uploads-ssl.webflow.com/64268ec9801fed0f7dd5a48b/6426aa4b0462e0e307446900_Frame 12749.svg]
[uploads-ssl.webflow.com/64268ec9801fed0f7dd5a48b/6426aa4bdf436603bc00abf4_Multi Cloud.svg]
[uploads-ssl.webflow.com/64268ec9801fed0f7dd5a48b/6426aa4b13f27173fb9a61f6_Frame 12750.svg]
[uploads-ssl.webflow.com/64268ec9801fed0f7dd5a48b/64282f1f26a4729bf1a60e22_Make changes locally.svg]
[uploads-ssl.webflow.com/64268ec9801fed0f7dd5a48b/642830ed17973b2e200c3300_IAMbic comment.svg]
[uploads-ssl.webflow.com/64268ec9801fed0f7dd5a48b/642830edf5406618175e83a9_Developer Iteration.svg]
[uploads-ssl.webflow.com/64268ec9801fed0f7dd5a48b/642830ed17973b08fc0c32e6_Peer approved.svg]
[uploads-ssl.webflow.com/64268ec9801fed0f7dd5a48b/642830ed597397af17936226_IAMbic Apply.svg]
[uploads-ssl.webflow.com/64268ec9801fed0f7dd5a48b/642830edbb87cbc76c25bbfc_Group 12703.svg]
[uploads-ssl.webflow.com/64268ec9801fed0f7dd5a48b/642847b307c9bb6492996ce7_Frame 69814.svg]
[uploads-ssl.webflow.com/64268ec9801fed0f7dd5a48b/6430003d3b2a44448f47f94b_temporary-access-control-img-2.svg]
[uploads-ssl.webflow.com/64268ec9801fed0f7dd5a48b/642eb4c1d58cc7958d29f795_centralized-management-img.svg]
[uploads-ssl.webflow.com/64268ec9801fed0f7dd5a48b/64284b526c28f49a32e733b4_Layer_1.svg]
[uploads-ssl.webflow.com/64268ec9801fed0f7dd5a48b/64284df926a4728b6ca85289_Frame (41).svg]
[uploads-ssl.webflow.com/64268ec9801fed0f7dd5a48b/64284e22d683c474328993c8_Group 12807.svg]
[uploads-ssl.webflow.com/64268ec9801fed0f7dd5a48b/6428507cd683c450b389d09b_Group 12703 (1).svg]
[uploads-ssl.webflow.com/64268ec9801fed0f7dd5a48b/642851062b8b8c049f4aa82d_Frame 12813.svg]
[uploads-ssl.webflow.com/64268ec9801fed0f7dd5a48b/64285435f9d51ad4d284c051_Logo (18).svg]
[uploads-ssl.webflow.com/64268ec9801fed0f7dd5a48b/642921cca3e86e5a2e2a3822_Arrow 1 (11).svg]
[uploads-ssl.webflow.com/64268ec9801fed0f7dd5a48b/642d7b0b75d75b95046d33a3_more-image-new.svg]
[uploads-ssl.webflow.com/64268ec9801fed0f7dd5a48b/6437f6e08c5a7786e3dc8e84_Self Service - Tablet.svg]
[uploads-ssl.webflow.com/64268ec9801fed0f7dd5a48b/642b905fec49bb01e94c7f0d_Group 12816.svg]
[uploads-ssl.webflow.com/64268ec9801fed0f7dd5a48b/642b9180801425f6e897ae68_Frame 69871.svg]
[uploads-ssl.webflow.com/64268ec9801fed0f7dd5a48b/642b914b801425624797aab6_Group 12817.svg]
[uploads-ssl.webflow.com/64268ec9801fed0f7dd5a48b/642b9165ab59d4b44be1ddd6_Frame 69873.svg]
[uploads-ssl.webflow.com/64268ec9801fed0f7dd5a48b/6437f72886f44bb2c1a10ab7_Just-In-Time Access.svg]
[uploads-ssl.webflow.com/64268ec9801fed0f7dd5a48b/6437f716465a0401f890009e_Just-In-Time Access-1.svg]
[uploads-ssl.webflow.com/64268ec9801fed0f7dd5a48b/6426ae4323073db0d3dc5fdb_Group 12706.svg]
[uploads-ssl.webflow.com/64268ec9801fed0f7dd5a48b/64284c7ef5406662f960c6ba_Inter-SemiBold.ttf]
[uploads-ssl.webflow.com/64268ec9801fed0f7dd5a48b/64284c7e69d01c43e30c3c4c_Inter-Medium.ttf]
[www.iambic.org/privacy-policy]
[www.iambic.org/terms-and-conditions]
